<?xml version="1.0" encoding="UTF-8"?>
<!-- Generated by org.testng.reporters.JUnitReportReporter -->
<testsuite hostname="Y0096-YAMINI-NAGAMANI-WIN10" failures="0" tests="2" name="yaminiNagamani.AddCartTestComponents" time="20.121" errors="0" timestamp="2024-06-18T12:27:21 IST" skipped="0">
  <testcase classname="yaminiNagamani.AddCartTestComponents" name="ErrorValidations" time="8.855"/>
  <testcase classname="yaminiNagamani.AddCartTestComponents" name="ProductErrorValidations" time="11.266"/>
</testsuite> <!-- yaminiNagamani.AddCartTestComponents -->
