<?xml version="1.0" encoding="UTF-8"?>
<!-- Generated by org.testng.reporters.JUnitReportReporter -->
<testsuite hostname="Y0096-YAMINI-NAGAMANI-WIN10" failures="0" tests="3" name="yaminiNagamani.ErrorValidations2" time="33.788" errors="0" timestamp="2024-06-20T12:43:02 IST" skipped="0">
  <testcase classname="yaminiNagamani.ErrorValidations2" name="OrderHistoryTest" time="8.832"/>
  <testcase classname="yaminiNagamani.ErrorValidations2" name="submitOrder" time="11.698"/>
  <testcase classname="yaminiNagamani.ErrorValidations2" name="submitOrder" time="13.258"/>
</testsuite> <!-- yaminiNagamani.ErrorValidations2 -->
