<?xml version="1.0" encoding="UTF-8"?>
<!-- Generated by org.testng.reporters.JUnitReportReporter -->
<testsuite hostname="Y0096-YAMINI-NAGAMANI-WIN10" failures="0" tests="2" name="yaminiNagamani.ExtentReports.ExtentReportsDemo" time="20.109" errors="0" timestamp="2024-06-19T16:50:10 IST" skipped="0">
  <testcase classname="yaminiNagamani.ExtentReports.ExtentReportsDemo" name="config" time="1.434"/>
  <testcase classname="yaminiNagamani.ExtentReports.ExtentReportsDemo" name="initialDemo" time="18.675"/>
</testsuite> <!-- yaminiNagamani.ExtentReports.ExtentReportsDemo -->
